Start testing: Jul 30 02:36 +03
----------------------------------------------------------
1/52 Testing: bits_test
1/52 Test: bits_test
Command: "/home/fikret/Desktop/Canon-C/build/bits_test"
Directory: /home/fikret/Desktop/Canon-C/build
"bits_test" start time: Jul 30 02:36 +03
Output:
----------------------------------------------------------

bits_test: 2731 passed, 0 failed
<end of output>
Test time =   0.00 sec
----------------------------------------------------------
Test Passed.
"bits_test" end time: Jul 30 02:36 +03
"bits_test" time elapsed: 00:00:00
----------------------------------------------------------

2/52 Testing: checked_test
2/52 Test: checked_test
Command: "/home/fikret/Desktop/Canon-C/build/checked_test"
Directory: /home/fikret/Desktop/Canon-C/build
"checked_test" start time: Jul 30 02:36 +03
Output:
----------------------------------------------------------

checked_test: 505 passed, 0 failed
<end of output>
Test time =   0.00 sec
----------------------------------------------------------
Test Passed.
"checked_test" end time: Jul 30 02:36 +03
"checked_test" time elapsed: 00:00:00
----------------------------------------------------------

3/52 Testing: compare_test
3/52 Test: compare_test
Command: "/home/fikret/Desktop/Canon-C/build/compare_test"
Directory: /home/fikret/Desktop/Canon-C/build
"compare_test" start time: Jul 30 02:36 +03
Output:
----------------------------------------------------------

compare_test: 247 passed, 0 failed
<end of output>
Test time =   0.00 sec
----------------------------------------------------------
Test Passed.
"compare_test" end time: Jul 30 02:36 +03
"compare_test" time elapsed: 00:00:00
----------------------------------------------------------

4/52 Testing: contract_test
4/52 Test: contract_test
Command: "/home/fikret/Desktop/Canon-C/build/contract_test"
Directory: /home/fikret/Desktop/Canon-C/build
"contract_test" start time: Jul 30 02:36 +03
Output:
----------------------------------------------------------

contract_test: 47 passed, 0 failed
<end of output>
Test time =   0.00 sec
----------------------------------------------------------
Test Passed.
"contract_test" end time: Jul 30 02:36 +03
"contract_test" time elapsed: 00:00:00
----------------------------------------------------------

5/52 Testing: limits_test
5/52 Test: limits_test
Command: "/home/fikret/Desktop/Canon-C/build/limits_test"
Directory: /home/fikret/Desktop/Canon-C/build
"limits_test" start time: Jul 30 02:36 +03
Output:
----------------------------------------------------------

limits_test: 95 passed, 0 failed
<end of output>
Test time =   0.00 sec
----------------------------------------------------------
Test Passed.
"limits_test" end time: Jul 30 02:36 +03
"limits_test" time elapsed: 00:00:00
----------------------------------------------------------

6/52 Testing: types_test
6/52 Test: types_test
Command: "/home/fikret/Desktop/Canon-C/build/types_test"
Directory: /home/fikret/Desktop/Canon-C/build
"types_test" start time: Jul 30 02:36 +03
Output:
----------------------------------------------------------
OK  types_test  (all assertions passed)
<end of output>
Test time =   0.00 sec
----------------------------------------------------------
Test Passed.
"types_test" end time: Jul 30 02:36 +03
"types_test" time elapsed: 00:00:00
----------------------------------------------------------

7/52 Testing: ptr_test
7/52 Test: ptr_test
Command: "/home/fikret/Desktop/Canon-C/build/ptr_test"
Directory: /home/fikret/Desktop/Canon-C/build
"ptr_test" start time: Jul 30 02:36 +03
Output:
----------------------------------------------------------

ptr_test: 464 passed, 0 failed
<end of output>
Test time =   0.00 sec
----------------------------------------------------------
Test Passed.
"ptr_test" end time: Jul 30 02:36 +03
"ptr_test" time elapsed: 00:00:00
----------------------------------------------------------

8/52 Testing: arena_test
8/52 Test: arena_test
Command: "/home/fikret/Desktop/Canon-C/build/arena_test"
Directory: /home/fikret/Desktop/Canon-C/build
"arena_test" start time: Jul 30 02:36 +03
Output:
----------------------------------------------------------
OK  arena_test  (all assertions passed)
<end of output>
Test time =   0.00 sec
----------------------------------------------------------
Test Passed.
"arena_test" end time: Jul 30 02:36 +03
"arena_test" time elapsed: 00:00:00
----------------------------------------------------------

9/52 Testing: pool_test
9/52 Test: pool_test
Command: "/home/fikret/Desktop/Canon-C/build/pool_test"
Directory: /home/fikret/Desktop/Canon-C/build
"pool_test" start time: Jul 30 02:36 +03
Output:
----------------------------------------------------------
OK  pool_test  (all assertions passed)
<end of output>
Test time =   0.00 sec
----------------------------------------------------------
Test Passed.
"pool_test" end time: Jul 30 02:36 +03
"pool_test" time elapsed: 00:00:00
----------------------------------------------------------

10/52 Testing: slice_test
10/52 Test: slice_test
Command: "/home/fikret/Desktop/Canon-C/build/slice_test"
Directory: /home/fikret/Desktop/Canon-C/build
"slice_test" start time: Jul 30 02:36 +03
Output:
----------------------------------------------------------
OK  slice_test  (all assertions passed)
<end of output>
Test time =   0.00 sec
----------------------------------------------------------
Test Passed.
"slice_test" end time: Jul 30 02:36 +03
"slice_test" time elapsed: 00:00:00
----------------------------------------------------------

11/52 Testing: scope_test
11/52 Test: scope_test
Command: "/home/fikret/Desktop/Canon-C/build/scope_test"
Directory: /home/fikret/Desktop/Canon-C/build
"scope_test" start time: Jul 30 02:36 +03
Output:
----------------------------------------------------------
OK  scope_test  all assertions passed
<end of output>
Test time =   0.00 sec
----------------------------------------------------------
Test Passed.
"scope_test" end time: Jul 30 02:36 +03
"scope_test" time elapsed: 00:00:00
----------------------------------------------------------

12/52 Testing: region_test
12/52 Test: region_test
Command: "/home/fikret/Desktop/Canon-C/build/region_test"
Directory: /home/fikret/Desktop/Canon-C/build
"region_test" start time: Jul 30 02:36 +03
Output:
----------------------------------------------------------
OK  region_test  (all assertions passed)
<end of output>
Test time =   0.00 sec
----------------------------------------------------------
Test Passed.
"region_test" end time: Jul 30 02:36 +03
"region_test" time elapsed: 00:00:00
----------------------------------------------------------

13/52 Testing: memory_test
13/52 Test: memory_test
Command: "/home/fikret/Desktop/Canon-C/build/memory_test"
Directory: /home/fikret/Desktop/Canon-C/build
"memory_test" start time: Jul 30 02:36 +03
Output:
----------------------------------------------------------
OK  memory_test  (all assertions passed)
<end of output>
Test time =   0.00 sec
----------------------------------------------------------
Test Passed.
"memory_test" end time: Jul 30 02:36 +03
"memory_test" time elapsed: 00:00:00
----------------------------------------------------------

14/52 Testing: ownership_test
14/52 Test: ownership_test
Command: "/home/fikret/Desktop/Canon-C/build/ownership_test"
Directory: /home/fikret/Desktop/Canon-C/build
"ownership_test" start time: Jul 30 02:36 +03
Output:
----------------------------------------------------------
OK  ownership_test  (all assertions passed)
<end of output>
Test time =   0.00 sec
----------------------------------------------------------
Test Passed.
"ownership_test" end time: Jul 30 02:36 +03
"ownership_test" time elapsed: 00:00:00
----------------------------------------------------------

15/52 Testing: option_test
15/52 Test: option_test
Command: "/home/fikret/Desktop/Canon-C/build/option_test"
Directory: /home/fikret/Desktop/Canon-C/build
"option_test" start time: Jul 30 02:36 +03
Output:
----------------------------------------------------------
OK  option_test  (all assertions passed)
<end of output>
Test time =   0.00 sec
----------------------------------------------------------
Test Passed.
"option_test" end time: Jul 30 02:36 +03
"option_test" time elapsed: 00:00:00
----------------------------------------------------------

16/52 Testing: result_test
16/52 Test: result_test
Command: "/home/fikret/Desktop/Canon-C/build/result_test"
Directory: /home/fikret/Desktop/Canon-C/build
"result_test" start time: Jul 30 02:36 +03
Output:
----------------------------------------------------------
OK  result_test  (all assertions passed)
<end of output>
Test time =   0.00 sec
----------------------------------------------------------
Test Passed.
"result_test" end time: Jul 30 02:36 +03
"result_test" time elapsed: 00:00:00
----------------------------------------------------------

17/52 Testing: borrow_test
17/52 Test: borrow_test
Command: "/home/fikret/Desktop/Canon-C/build/borrow_test"
Directory: /home/fikret/Desktop/Canon-C/build
"borrow_test" start time: Jul 30 02:36 +03
Output:
----------------------------------------------------------
OK  borrow_test  (all assertions passed)
<end of output>
Test time =   0.00 sec
----------------------------------------------------------
Test Passed.
"borrow_test" end time: Jul 30 02:36 +03
"borrow_test" time elapsed: 00:00:00
----------------------------------------------------------

18/52 Testing: diag_test
18/52 Test: diag_test
Command: "/home/fikret/Desktop/Canon-C/build/diag_test"
Directory: /home/fikret/Desktop/Canon-C/build
"diag_test" start time: Jul 30 02:36 +03
Output:
----------------------------------------------------------
OK  diag_test  (all assertions passed)
<end of output>
Test time =   0.00 sec
----------------------------------------------------------
Test Passed.
"diag_test" end time: Jul 30 02:36 +03
"diag_test" time elapsed: 00:00:00
----------------------------------------------------------

19/52 Testing: error_test
19/52 Test: error_test
Command: "/home/fikret/Desktop/Canon-C/build/error_test"
Directory: /home/fikret/Desktop/Canon-C/build
"error_test" start time: Jul 30 02:36 +03
Output:
----------------------------------------------------------
error_test
  [ error_message: named codes are non-NULL and non-empty ]
  [ error_message: ERR_COUNT returns sentinel string ]
  [ error_message: gap values return non-NULL "Unknown error" ]
  [ error_message: out-of-range values return non-NULL ]
  [ error_is_ok: true only for ERR_OK ]
  [ error_in_range: named codes within [0, ERR_COUNT) return true ]
  [ error_in_range: gap values within a range still return true ]
  [ error_in_range: ERR_COUNT itself returns false ]
  [ error_in_range: negative and large values return false ]
  [ error_code: integer values match enum assignments ]
  [ enum uniqueness: all named codes are distinct ]
  [ error_message: spot-check messages are not swapped across ranges ]

  165 / 165 passed
<end of output>
Test time =   0.00 sec
----------------------------------------------------------
Test Passed.
"error_test" end time: Jul 30 02:36 +03
"error_test" time elapsed: 00:00:00
----------------------------------------------------------

20/52 Testing: vec_test
20/52 Test: vec_test
Command: "/home/fikret/Desktop/Canon-C/build/vec_test"
Directory: /home/fikret/Desktop/Canon-C/build
"vec_test" start time: Jul 30 02:36 +03
Output:
----------------------------------------------------------
OK  vec_test  (all assertions passed)
<end of output>
Test time =   0.00 sec
----------------------------------------------------------
Test Passed.
"vec_test" end time: Jul 30 02:36 +03
"vec_test" time elapsed: 00:00:00
----------------------------------------------------------

21/52 Testing: deque_test
21/52 Test: deque_test
Command: "/home/fikret/Desktop/Canon-C/build/deque_test"
Directory: /home/fikret/Desktop/Canon-C/build
"deque_test" start time: Jul 30 02:36 +03
Output:
----------------------------------------------------------
OK  deque_test  (all assertions passed)
<end of output>
Test time =   0.00 sec
----------------------------------------------------------
Test Passed.
"deque_test" end time: Jul 30 02:36 +03
"deque_test" time elapsed: 00:00:00
----------------------------------------------------------

22/52 Testing: hashmap_test
22/52 Test: hashmap_test
Command: "/home/fikret/Desktop/Canon-C/build/hashmap_test"
Directory: /home/fikret/Desktop/Canon-C/build
"hashmap_test" start time: Jul 30 02:36 +03
Output:
----------------------------------------------------------
OK  hashmap_test  (all assertions passed)
<end of output>
Test time =   0.00 sec
----------------------------------------------------------
Test Passed.
"hashmap_test" end time: Jul 30 02:36 +03
"hashmap_test" time elapsed: 00:00:00
----------------------------------------------------------

23/52 Testing: array_test
23/52 Test: array_test
Command: "/home/fikret/Desktop/Canon-C/build/array_test"
Directory: /home/fikret/Desktop/Canon-C/build
"array_test" start time: Jul 30 02:36 +03
Output:
----------------------------------------------------------
OK  array_test  (all assertions passed)
<end of output>
Test time =   0.00 sec
----------------------------------------------------------
Test Passed.
"array_test" end time: Jul 30 02:36 +03
"array_test" time elapsed: 00:00:00
----------------------------------------------------------

24/52 Testing: stack_test
24/52 Test: stack_test
Command: "/home/fikret/Desktop/Canon-C/build/stack_test"
Directory: /home/fikret/Desktop/Canon-C/build
"stack_test" start time: Jul 30 02:36 +03
Output:
----------------------------------------------------------
OK  stack_test  (all assertions passed)
<end of output>
Test time =   0.00 sec
----------------------------------------------------------
Test Passed.
"stack_test" end time: Jul 30 02:36 +03
"stack_test" time elapsed: 00:00:00
----------------------------------------------------------

25/52 Testing: queue_test
25/52 Test: queue_test
Command: "/home/fikret/Desktop/Canon-C/build/queue_test"
Directory: /home/fikret/Desktop/Canon-C/build
"queue_test" start time: Jul 30 02:36 +03
Output:
----------------------------------------------------------
OK  queue_test  (all assertions passed)
<end of output>
Test time =   0.00 sec
----------------------------------------------------------
Test Passed.
"queue_test" end time: Jul 30 02:36 +03
"queue_test" time elapsed: 00:00:00
----------------------------------------------------------

26/52 Testing: header_combination_test
26/52 Test: header_combination_test
Command: "/home/fikret/Desktop/Canon-C/build/header_combination_test"
Directory: /home/fikret/Desktop/Canon-C/build
"header_combination_test" start time: Jul 30 02:36 +03
Output:
----------------------------------------------------------
OK  header_combination_test  (all assertions passed)
<end of output>
Test time =   0.00 sec
----------------------------------------------------------
Test Passed.
"header_combination_test" end time: Jul 30 02:36 +03
"header_combination_test" time elapsed: 00:00:00
----------------------------------------------------------

27/52 Testing: priority_queue_test
27/52 Test: priority_queue_test
Command: "/home/fikret/Desktop/Canon-C/build/priority_queue_test"
Directory: /home/fikret/Desktop/Canon-C/build
"priority_queue_test" start time: Jul 30 02:36 +03
Output:
----------------------------------------------------------
OK  priority_queue_test  (all assertions passed)
<end of output>
Test time =   0.00 sec
----------------------------------------------------------
Test Passed.
"priority_queue_test" end time: Jul 30 02:36 +03
"priority_queue_test" time elapsed: 00:00:00
----------------------------------------------------------

28/52 Testing: bitset_test
28/52 Test: bitset_test
Command: "/home/fikret/Desktop/Canon-C/build/bitset_test"
Directory: /home/fikret/Desktop/Canon-C/build
"bitset_test" start time: Jul 30 02:36 +03
Output:
----------------------------------------------------------
OK  bitset_test  (all assertions passed)
<end of output>
Test time =   0.00 sec
----------------------------------------------------------
Test Passed.
"bitset_test" end time: Jul 30 02:36 +03
"bitset_test" time elapsed: 00:00:00
----------------------------------------------------------

29/52 Testing: stringbuf_test
29/52 Test: stringbuf_test
Command: "/home/fikret/Desktop/Canon-C/build/stringbuf_test"
Directory: /home/fikret/Desktop/Canon-C/build
"stringbuf_test" start time: Jul 30 02:36 +03
Output:
----------------------------------------------------------
OK  stringbuf_test  (all assertions passed)
<end of output>
Test time =   0.00 sec
----------------------------------------------------------
Test Passed.
"stringbuf_test" end time: Jul 30 02:36 +03
"stringbuf_test" time elapsed: 00:00:00
----------------------------------------------------------

30/52 Testing: range_test
30/52 Test: range_test
Command: "/home/fikret/Desktop/Canon-C/build/range_test"
Directory: /home/fikret/Desktop/Canon-C/build
"range_test" start time: Jul 30 02:36 +03
Output:
----------------------------------------------------------
OK  range_test  (all assertions passed)
<end of output>
Test time =   0.00 sec
----------------------------------------------------------
Test Passed.
"range_test" end time: Jul 30 02:36 +03
"range_test" time elapsed: 00:00:00
----------------------------------------------------------

31/52 Testing: dynvec_test
31/52 Test: dynvec_test
Command: "/home/fikret/Desktop/Canon-C/build/dynvec_test"
Directory: /home/fikret/Desktop/Canon-C/build
"dynvec_test" start time: Jul 30 02:36 +03
Output:
----------------------------------------------------------
OK  dynvec_test  (all assertions passed)
<end of output>
Test time =   0.00 sec
----------------------------------------------------------
Test Passed.
"dynvec_test" end time: Jul 30 02:36 +03
"dynvec_test" time elapsed: 00:00:00
----------------------------------------------------------

32/52 Testing: smallvec_test
32/52 Test: smallvec_test
Command: "/home/fikret/Desktop/Canon-C/build/smallvec_test"
Directory: /home/fikret/Desktop/Canon-C/build
"smallvec_test" start time: Jul 30 02:36 +03
Output:
----------------------------------------------------------
OK  smallvec_test  (all assertions passed)
<end of output>
Test time =   0.00 sec
----------------------------------------------------------
Test Passed.
"smallvec_test" end time: Jul 30 02:36 +03
"smallvec_test" time elapsed: 00:00:00
----------------------------------------------------------

33/52 Testing: dynstring_test
33/52 Test: dynstring_test
Command: "/home/fikret/Desktop/Canon-C/build/dynstring_test"
Directory: /home/fikret/Desktop/Canon-C/build
"dynstring_test" start time: Jul 30 02:36 +03
Output:
----------------------------------------------------------
OK  dynstring_test  (all assertions passed)
<end of output>
Test time =   0.00 sec
----------------------------------------------------------
Test Passed.
"dynstring_test" end time: Jul 30 02:36 +03
"dynstring_test" time elapsed: 00:00:00
----------------------------------------------------------

34/52 Testing: map_test
34/52 Test: map_test
Command: "/home/fikret/Desktop/Canon-C/build/map_test"
Directory: /home/fikret/Desktop/Canon-C/build
"map_test" start time: Jul 30 02:36 +03
Output:
----------------------------------------------------------
OK  map_test  (all assertions passed)
<end of output>
Test time =   0.00 sec
----------------------------------------------------------
Test Passed.
"map_test" end time: Jul 30 02:36 +03
"map_test" time elapsed: 00:00:00
----------------------------------------------------------

35/52 Testing: filter_test
35/52 Test: filter_test
Command: "/home/fikret/Desktop/Canon-C/build/filter_test"
Directory: /home/fikret/Desktop/Canon-C/build
"filter_test" start time: Jul 30 02:36 +03
Output:
----------------------------------------------------------
OK  filter_test  (all assertions passed)
<end of output>
Test time =   0.00 sec
----------------------------------------------------------
Test Passed.
"filter_test" end time: Jul 30 02:36 +03
"filter_test" time elapsed: 00:00:00
----------------------------------------------------------

36/52 Testing: fold_test
36/52 Test: fold_test
Command: "/home/fikret/Desktop/Canon-C/build/fold_test"
Directory: /home/fikret/Desktop/Canon-C/build
"fold_test" start time: Jul 30 02:36 +03
Output:
----------------------------------------------------------
OK  fold_test  (all assertions passed)
<end of output>
Test time =   0.00 sec
----------------------------------------------------------
Test Passed.
"fold_test" end time: Jul 30 02:36 +03
"fold_test" time elapsed: 00:00:00
----------------------------------------------------------

37/52 Testing: find_test
37/52 Test: find_test
Command: "/home/fikret/Desktop/Canon-C/build/find_test"
Directory: /home/fikret/Desktop/Canon-C/build
"find_test" start time: Jul 30 02:36 +03
Output:
----------------------------------------------------------
OK  find_test  (all assertions passed)
<end of output>
Test time =   0.00 sec
----------------------------------------------------------
Test Passed.
"find_test" end time: Jul 30 02:36 +03
"find_test" time elapsed: 00:00:00
----------------------------------------------------------

38/52 Testing: any_all_test
38/52 Test: any_all_test
Command: "/home/fikret/Desktop/Canon-C/build/any_all_test"
Directory: /home/fikret/Desktop/Canon-C/build
"any_all_test" start time: Jul 30 02:36 +03
Output:
----------------------------------------------------------
OK  any_all_test  (all assertions passed)
<end of output>
Test time =   0.00 sec
----------------------------------------------------------
Test Passed.
"any_all_test" end time: Jul 30 02:36 +03
"any_all_test" time elapsed: 00:00:00
----------------------------------------------------------

39/52 Testing: sort_test
39/52 Test: sort_test
Command: "/home/fikret/Desktop/Canon-C/build/sort_test"
Directory: /home/fikret/Desktop/Canon-C/build
"sort_test" start time: Jul 30 02:36 +03
Output:
----------------------------------------------------------
OK  sort_test  (all assertions passed)
<end of output>
Test time =   0.00 sec
----------------------------------------------------------
Test Passed.
"sort_test" end time: Jul 30 02:36 +03
"sort_test" time elapsed: 00:00:00
----------------------------------------------------------

40/52 Testing: search_test
40/52 Test: search_test
Command: "/home/fikret/Desktop/Canon-C/build/search_test"
Directory: /home/fikret/Desktop/Canon-C/build
"search_test" start time: Jul 30 02:36 +03
Output:
----------------------------------------------------------
OK  search_test  (all assertions passed)
<end of output>
Test time =   0.00 sec
----------------------------------------------------------
Test Passed.
"search_test" end time: Jul 30 02:36 +03
"search_test" time elapsed: 00:00:00
----------------------------------------------------------

41/52 Testing: unique_test
41/52 Test: unique_test
Command: "/home/fikret/Desktop/Canon-C/build/unique_test"
Directory: /home/fikret/Desktop/Canon-C/build
"unique_test" start time: Jul 30 02:36 +03
Output:
----------------------------------------------------------
OK  unique_test  (all assertions passed)
<end of output>
Test time =   0.00 sec
----------------------------------------------------------
Test Passed.
"unique_test" end time: Jul 30 02:36 +03
"unique_test" time elapsed: 00:00:00
----------------------------------------------------------

42/52 Testing: reverse_test
42/52 Test: reverse_test
Command: "/home/fikret/Desktop/Canon-C/build/reverse_test"
Directory: /home/fikret/Desktop/Canon-C/build
"reverse_test" start time: Jul 30 02:36 +03
Output:
----------------------------------------------------------
OK  reverse_test  (all assertions passed)
<end of output>
Test time =   0.00 sec
----------------------------------------------------------
Test Passed.
"reverse_test" end time: Jul 30 02:36 +03
"reverse_test" time elapsed: 00:00:00
----------------------------------------------------------

43/52 Testing: str_test
43/52 Test: str_test
Command: "/home/fikret/Desktop/Canon-C/build/str_test"
Directory: /home/fikret/Desktop/Canon-C/build
"str_test" start time: Jul 30 02:36 +03
Output:
----------------------------------------------------------

str_test: 95 passed, 0 failed
<end of output>
Test time =   0.00 sec
----------------------------------------------------------
Test Passed.
"str_test" end time: Jul 30 02:36 +03
"str_test" time elapsed: 00:00:00
----------------------------------------------------------

44/52 Testing: str_split_test
44/52 Test: str_split_test
Command: "/home/fikret/Desktop/Canon-C/build/str_split_test"
Directory: /home/fikret/Desktop/Canon-C/build
"str_split_test" start time: Jul 30 02:36 +03
Output:
----------------------------------------------------------

str_split_test: 60 passed, 0 failed
<end of output>
Test time =   0.00 sec
----------------------------------------------------------
Test Passed.
"str_split_test" end time: Jul 30 02:36 +03
"str_split_test" time elapsed: 00:00:00
----------------------------------------------------------

45/52 Testing: str_join_test
45/52 Test: str_join_test
Command: "/home/fikret/Desktop/Canon-C/build/str_join_test"
Directory: /home/fikret/Desktop/Canon-C/build
"str_join_test" start time: Jul 30 02:36 +03
Output:
----------------------------------------------------------

str_join_test: 60 passed, 0 failed
<end of output>
Test time =   0.00 sec
----------------------------------------------------------
Test Passed.
"str_join_test" end time: Jul 30 02:36 +03
"str_join_test" time elapsed: 00:00:00
----------------------------------------------------------

46/52 Testing: str_view_test
46/52 Test: str_view_test
Command: "/home/fikret/Desktop/Canon-C/build/str_view_test"
Directory: /home/fikret/Desktop/Canon-C/build
"str_view_test" start time: Jul 30 02:36 +03
Output:
----------------------------------------------------------

str_view_test: 79 passed, 0 failed
<end of output>
Test time =   0.00 sec
----------------------------------------------------------
Test Passed.
"str_view_test" end time: Jul 30 02:36 +03
"str_view_test" time elapsed: 00:00:00
----------------------------------------------------------

47/52 Testing: intern_test
47/52 Test: intern_test
Command: "/home/fikret/Desktop/Canon-C/build/intern_test"
Directory: /home/fikret/Desktop/Canon-C/build
"intern_test" start time: Jul 30 02:36 +03
Output:
----------------------------------------------------------

intern_test: 89 passed, 0 failed
<end of output>
Test time =   0.00 sec
----------------------------------------------------------
Test Passed.
"intern_test" end time: Jul 30 02:36 +03
"intern_test" time elapsed: 00:00:00
----------------------------------------------------------

48/52 Testing: log_test
48/52 Test: log_test
Command: "/home/fikret/Desktop/Canon-C/build/log_test"
Directory: /home/fikret/Desktop/Canon-C/build
"log_test" start time: Jul 30 02:36 +03
Output:
----------------------------------------------------------
[INFO] msg test
[WARN] value=7
[INFO] info macro
[WARN] warn macro
[ERROR] error macro
[INFO] info msg
[WARN] warn msg
[ERROR] error msg
[INFO] fmt 1
[WARN] fmt 2
[ERROR] fmt 3
[INFO] checked 4
[WARN] checked 5
[ERROR] checked 6

log_test: 35 passed, 0 failed
<end of output>
Test time =   0.00 sec
----------------------------------------------------------
Test Passed.
"log_test" end time: Jul 30 02:36 +03
"log_test" time elapsed: 00:00:00
----------------------------------------------------------

49/52 Testing: file_test
49/52 Test: file_test
Command: "/home/fikret/Desktop/Canon-C/build/file_test"
Directory: /home/fikret/Desktop/Canon-C/build
"file_test" start time: Jul 30 02:36 +03
Output:
----------------------------------------------------------

file_test: 29 passed, 0 failed
<end of output>
Test time =   0.00 sec
----------------------------------------------------------
Test Passed.
"file_test" end time: Jul 30 02:36 +03
"file_test" time elapsed: 00:00:00
----------------------------------------------------------

50/52 Testing: parse_test
50/52 Test: parse_test
Command: "/home/fikret/Desktop/Canon-C/build/parse_test"
Directory: /home/fikret/Desktop/Canon-C/build
"parse_test" start time: Jul 30 02:36 +03
Output:
----------------------------------------------------------

parse_test: 129 passed, 0 failed
<end of output>
Test time =   0.00 sec
----------------------------------------------------------
Test Passed.
"parse_test" end time: Jul 30 02:36 +03
"parse_test" time elapsed: 00:00:00
----------------------------------------------------------

51/52 Testing: time_test
51/52 Test: time_test
Command: "/home/fikret/Desktop/Canon-C/build/time_test"
Directory: /home/fikret/Desktop/Canon-C/build
"time_test" start time: Jul 30 02:36 +03
Output:
----------------------------------------------------------

time_test: 224 passed, 0 failed
<end of output>
Test time =   0.31 sec
----------------------------------------------------------
Test Passed.
"time_test" end time: Jul 30 02:36 +03
"time_test" time elapsed: 00:00:00
----------------------------------------------------------

52/52 Testing: random_test
52/52 Test: random_test
Command: "/home/fikret/Desktop/Canon-C/build/random_test"
Directory: /home/fikret/Desktop/Canon-C/build
"random_test" start time: Jul 30 02:36 +03
Output:
----------------------------------------------------------

random_test: 156549 passed, 0 failed
<end of output>
Test time =   0.00 sec
----------------------------------------------------------
Test Passed.
"random_test" end time: Jul 30 02:36 +03
"random_test" time elapsed: 00:00:00
----------------------------------------------------------

End testing: Jul 30 02:36 +03
